<?xml version="1.0" encoding="UTF-8"?>
<testsuite name="Send email" tests="1" skipped="0" failures="0" errors="0" timestamp="2019-09-23T14:41:50" hostname="CHMEPPF0FQ30F" time="31.675">
  <properties/>
  <testcase name="Using Gmail to send email" classname="Send email" time="31.675"/>
  <system-out><![CDATA[]]></system-out>
  <system-err><![CDATA[sep 23, 2019 9:41:50 AM org.openqa.selenium.remote.DesiredCapabilities chrome
INFORMACIÓN: Using `new ChromeOptions()` is preferred to `DesiredCapabilities.chrome()`
Starting ChromeDriver 77.0.3865.40 (f484704e052e0b556f8030b65b953dce96503217-refs/branch-heads/3865@{#442}) on port 15705
Only local connections are allowed.
Please protect ports used by ChromeDriver and related test frameworks to prevent access by malicious code.
sep 23, 2019 9:41:58 AM org.openqa.selenium.remote.ProtocolHandshake createSession
INFORMACIÓN: Detected dialect: W3C
[Test worker] INFO net.serenitybdd.core.Serenity - 
        __    _____ _____ ____ _____   ____   _    ____  ____  _____ ____  
  _     \ \  |_   _| ____/ ___|_   _| |  _ \ / \  / ___|/ ___|| ____|  _ \ 
 (_)_____| |   | | |  _| \___ \ | |   | |_) / _ \ \___ \\___ \|  _| | | | |
  _|_____| |   | | | |___ ___) || |   |  __/ ___ \ ___) |___) | |___| |_| |
 (_)     | |   |_| |_____|____/ |_|   |_| /_/   \_\____/|____/|_____|____/ 
        /_/                                                                

TEST PASSED: Using Gmail to send email
----------------------------------------------------------------------------
]]></system-err>
</testsuite>
